<?xml version="1.0" encoding="UTF-8"?>
<!-- Generated by org.testng.reporters.JUnitXMLReporter -->
<testsuite ignored="0" hostname="DESKTOP-IGNECAP" failures="0" tests="6" name="Surefire test" time="0.076" errors="0" timestamp="2020-04-07T23:17:44 IST">
  <testcase classname="com.mycompany.app.AppiumTest" name="browserAppiumAutomationTest" time="0.005"/>
  <testcase classname="com.mycompany.app.AppiumTest" name="browserAppiumTest" time="0.001"/>
  <testcase classname="com.mycompany.app.RESTAPITest" name="browserRESTAPIAutomationTest" time="0.001"/>
  <testcase classname="com.mycompany.app.RESTAPITest" name="browserRESTAPITest" time="0.001"/>
  <testcase classname="com.mycompany.app.SeleniumTest" name="browserSeleniumAutomationTest" time="0.0"/>
  <testcase classname="com.mycompany.app.SeleniumTest" name="browserSeleniumTest" time="0.001"/>
</testsuite> <!-- Surefire test -->
