<?xml version="1.0" encoding="UTF-8"?>
<testng-results ignored="0" total="6" passed="6" failed="0" skipped="0">
  <reporter-output>
  </reporter-output>
  <suite started-at="2020-04-07T23:17:43 IST" name="Surefire suite" finished-at="2020-04-07T23:17:44 IST" duration-ms="76">
    <groups>
    </groups>
    <test started-at="2020-04-07T23:17:43 IST" name="Surefire test" finished-at="2020-04-07T23:17:44 IST" duration-ms="76">
      <class name="com.mycompany.app.SeleniumTest">
        <test-method signature="browserSeleniumAutomationTest()[pri:0, instance:com.mycompany.app.SeleniumTest@2a65fe7c]" started-at="2020-04-07T23:17:44 IST" name="browserSeleniumAutomationTest" finished-at="2020-04-07T23:17:44 IST" duration-ms="0" status="PASS">
          <reporter-output>
          </reporter-output>
        </test-method> <!-- browserSeleniumAutomationTest -->
        <test-method signature="browserSeleniumTest()[pri:0, instance:com.mycompany.app.SeleniumTest@2a65fe7c]" started-at="2020-04-07T23:17:44 IST" name="browserSeleniumTest" finished-at="2020-04-07T23:17:44 IST" duration-ms="1" status="PASS">
          <reporter-output>
          </reporter-output>
        </test-method> <!-- browserSeleniumTest -->
      </class> <!-- com.mycompany.app.SeleniumTest -->
      <class name="com.mycompany.app.AppiumTest">
        <test-method signature="browserAppiumAutomationTest()[pri:0, instance:com.mycompany.app.AppiumTest@313ac989]" started-at="2020-04-07T23:17:44 IST" name="browserAppiumAutomationTest" finished-at="2020-04-07T23:17:44 IST" duration-ms="5" status="PASS">
          <reporter-output>
          </reporter-output>
        </test-method> <!-- browserAppiumAutomationTest -->
        <test-method signature="browserAppiumTest()[pri:0, instance:com.mycompany.app.AppiumTest@313ac989]" started-at="2020-04-07T23:17:44 IST" name="browserAppiumTest" finished-at="2020-04-07T23:17:44 IST" duration-ms="1" status="PASS">
          <reporter-output>
          </reporter-output>
        </test-method> <!-- browserAppiumTest -->
      </class> <!-- com.mycompany.app.AppiumTest -->
      <class name="com.mycompany.app.RESTAPITest">
        <test-method signature="browserRESTAPIAutomationTest()[pri:0, instance:com.mycompany.app.RESTAPITest@4562e04d]" started-at="2020-04-07T23:17:44 IST" name="browserRESTAPIAutomationTest" finished-at="2020-04-07T23:17:44 IST" duration-ms="1" status="PASS">
          <reporter-output>
          </reporter-output>
        </test-method> <!-- browserRESTAPIAutomationTest -->
        <test-method signature="browserRESTAPITest()[pri:0, instance:com.mycompany.app.RESTAPITest@4562e04d]" started-at="2020-04-07T23:17:44 IST" name="browserRESTAPITest" finished-at="2020-04-07T23:17:44 IST" duration-ms="1" status="PASS">
          <reporter-output>
          </reporter-output>
        </test-method> <!-- browserRESTAPITest -->
      </class> <!-- com.mycompany.app.RESTAPITest -->
    </test> <!-- Surefire test -->
  </suite> <!-- Surefire suite -->
</testng-results>
