<?xml version="1.0" encoding="UTF-8"?>
<testsuite xmlns:xsi="http://www.w3.org/2001/XMLSchema-instance" xsi:noNamespaceSchemaLocation="https://maven.apache.org/surefire/maven-surefire-plugin/xsd/surefire-test-report-3.0.xsd" version="3.0" name="TestSuite" time="0.783" tests="6" errors="0" skipped="0" failures="0">
  <properties>
[...]
</properties>
  <testcase name="browserAppiumAutomationTest" classname="com.mycompany.app.AppiumTest" time="0.007"/>
  <testcase name="browserAppiumTest" classname="com.mycompany.app.AppiumTest" time="0.001"/>
  <testcase name="browserRESTAPIAutomationTest" classname="com.mycompany.app.RESTAPITest" time="0.001"/>
  <testcase name="browserRESTAPITest" classname="com.mycompany.app.RESTAPITest" time="0.003"/>
  <testcase name="browserSeleniumAutomationTest" classname="com.mycompany.app.SeleniumTest" time="0.004"/>
  <testcase name="browserSeleniumTest" classname="com.mycompany.app.SeleniumTest" time="0.001"/>
</testsuite>